<?xml version="1.0" encoding="UTF-8"?>
<testsuite name="com.thoughtworks.biblioteca.BibliotecaTest" tests="3" skipped="1" failures="0" errors="0" timestamp="2019-06-11T16:34:04" hostname="Talitas-MacBook-Pro.local" time="0.252">
  <properties/>
  <testcase name="shouldShowListOfBooksWithAuthorAndYearPublished" classname="com.thoughtworks.biblioteca.BibliotecaTest" time="0.0">
    <skipped/>
  </testcase>
  <testcase name="shouldShowListOfBooksAfterWelcomeMessage" classname="com.thoughtworks.biblioteca.BibliotecaTest" time="0.25"/>
  <testcase name="shouldPrintAWelcomeMessage" classname="com.thoughtworks.biblioteca.BibliotecaTest" time="0.0"/>
  <system-out><![CDATA[]]></system-out>
  <system-err><![CDATA[]]></system-err>
</testsuite>
