<?xml version="1.0" encoding="UTF-8"?>
<testsuite name="com.thoughtworks.biblioteca.Models.BookTest" tests="1" skipped="0" failures="0" errors="0" timestamp="2019-06-11T19:44:19" hostname="Talitas-MacBook-Pro.local" time="0.002">
  <properties/>
  <testcase name="shouldValidateAllInformationFromBook" classname="com.thoughtworks.biblioteca.Models.BookTest" time="0.002"/>
  <system-out><![CDATA[]]></system-out>
  <system-err><![CDATA[]]></system-err>
</testsuite>
