<?xml version="1.0" encoding="UTF-8"?>
<testsuite name="com.thoughtworks.biblioteca.BibliotecaTest" tests="1" skipped="0" failures="0" errors="0" timestamp="2019-06-07T18:53:53" hostname="Talitas-MacBook-Pro.local" time="0.224">
  <properties/>
  <testcase name="shouldPrintAWelcomeMessage" classname="com.thoughtworks.biblioteca.BibliotecaTest" time="0.224"/>
  <system-out><![CDATA[]]></system-out>
  <system-err><![CDATA[]]></system-err>
</testsuite>
